#
# There is insufficient memory for the Java Runtime Environment to continue.
# Native memory allocation (mmap) failed to map 132120576 bytes for Failed to commit area from 0x0000000082000000 to 0x0000000089e00000 of length 132120576.
# Possible reasons:
#   The system is out of physical RAM or swap space
#   The process is running with CompressedOops enabled, and the Java Heap may be blocking the growth of the native heap
# Possible solutions:
#   Reduce memory load on the system
#   Increase physical memory or swap space
#   Check if swap backing store is full
#   Decrease Java heap size (-Xmx/-Xms)
#   Decrease number of Java threads
#   Decrease Java thread stack sizes (-Xss)
#   Set larger code cache with -XX:ReservedCodeCacheSize=
# This output file may be truncated or incomplete.
#
#  Out of Memory Error (t:/workspace/open/src/hotspot/os/windows/os_windows.cpp:3264), pid=22564, tid=21436
#
# JRE version:  (12.0.2+10) (build )
# Java VM: Java HotSpot(TM) 64-Bit Server VM (12.0.2+10, mixed mode, aot, sharing, tiered, compressed oops, g1 gc, windows-amd64)
# No core dump will be written. Minidumps are not enabled by default on client versions of Windows
#

---------------  S U M M A R Y ------------

Command Line: -Dfile.encoding=UTF-8 SingleSensorBoard.main.App

Host: Intel(R) Core(TM) i7-6500U CPU @ 2.50GHz, 4 cores, 7G,  Windows 10 , 64 bit Build 18362 (10.0.18362.900)
Time: Wed Jul  1 17:30:29 2020 ora legale Europa occidentale elapsed time: 0 seconds (0d 0h 0m 0s)

---------------  T H R E A D  ---------------

Current thread (0x000001924d62b800):  JavaThread "Unknown thread" [_thread_in_vm, id=21436, stack(0x0000002f50200000,0x0000002f50300000)]

Stack: [0x0000002f50200000,0x0000002f50300000]
Native frames: (J=compiled Java code, j=interpreted, Vv=VM code, C=native code)
V  [jvm.dll+0x63aa2a]
V  [jvm.dll+0x78ce1e]
V  [jvm.dll+0x78e4c1]
V  [jvm.dll+0x78eb13]
V  [jvm.dll+0x2627e8]
V  [jvm.dll+0x637f5a]
V  [jvm.dll+0x62c845]
V  [jvm.dll+0x31e49c]
V  [jvm.dll+0x31e2cf]
V  [jvm.dll+0x324006]
V  [jvm.dll+0x371f56]
V  [jvm.dll+0x371720]
V  [jvm.dll+0x2f845a]
V  [jvm.dll+0x2f96d2]
V  [jvm.dll+0x767267]
V  [jvm.dll+0x7689f5]
V  [jvm.dll+0x380059]
V  [jvm.dll+0x74b794]
V  [jvm.dll+0x3ef5cd]
V  [jvm.dll+0x3f1471]
C  [jli.dll+0x51cf]
C  [ucrtbase.dll+0x20e82]
C  [KERNEL32.DLL+0x17bd4]
C  [ntdll.dll+0x6ce51]


---------------  P R O C E S S  ---------------

Threads class SMR info:
_java_thread_list=0x00007ffd86d87928, length=0, elements={
}

Java Threads: ( => current thread )

Other Threads:
  0x000001924d66a000 GCTaskThread "GC Thread#0" [stack: 0x0000002f50300000,0x0000002f50400000] [id=16792]
  0x000001924d678800 ConcurrentGCThread "G1 Main Marker" [stack: 0x0000002f50400000,0x0000002f50500000] [id=6936]
  0x000001924d67b000 ConcurrentGCThread "G1 Conc#0" [stack: 0x0000002f50500000,0x0000002f50600000] [id=19996]

[error occurred during error reporting (printing all threads), id 0xc0000005, EXCEPTION_ACCESS_VIOLATION (0xc0000005) at pc=0x00007ffd865b85e7]

VM state:not at safepoint (not fully initialized)

VM Mutex/Monitor currently owned by a thread:  ([mutex/lock_event])
[0x000001924d628430] Heap_lock - owner thread: 0x000001924d62b800

Heap address: 0x0000000082000000, size: 2016 MB, Compressed Oops mode: Non-zero based: 0x0000000082000000
Narrow klass base: 0x0000000000000000, Narrow klass shift: 0

GC Heap History (0 events):
No events

Deoptimization events (0 events):
No events

Classes redefined (0 events):
No events

Internal exceptions (0 events):
No events

Events (0 events):
No events


Dynamic libraries:
0x00007ff6344e0000 - 0x00007ff6344ef000 	C:\Program Files\Java\jdk-12.0.2\bin\java.exe
0x00007ffdfe2e0000 - 0x00007ffdfe4d0000 	C:\WINDOWS\SYSTEM32\ntdll.dll
0x00007ffdfd5c0000 - 0x00007ffdfd672000 	C:\WINDOWS\System32\KERNEL32.DLL
0x00007ffdfc000000 - 0x00007ffdfc2a4000 	C:\WINDOWS\System32\KERNELBASE.dll
0x00007ffdfbed0000 - 0x00007ffdfbfca000 	C:\WINDOWS\System32\ucrtbase.dll
0x00007ffde8170000 - 0x00007ffde8188000 	C:\Program Files\Java\jdk-12.0.2\bin\jli.dll
0x00007ffddc490000 - 0x00007ffddc4a6000 	C:\Program Files\Java\jdk-12.0.2\bin\VCRUNTIME140.dll
0x00007ffdfdcd0000 - 0x00007ffdfdd73000 	C:\WINDOWS\System32\ADVAPI32.dll
0x00007ffdfc740000 - 0x00007ffdfc7de000 	C:\WINDOWS\System32\msvcrt.dll
0x00007ffdfd840000 - 0x00007ffdfd8d7000 	C:\WINDOWS\System32\sechost.dll
0x00007ffdfcb40000 - 0x00007ffdfcc60000 	C:\WINDOWS\System32\RPCRT4.dll
0x00007ffdfc8d0000 - 0x00007ffdfca64000 	C:\WINDOWS\System32\USER32.dll
0x00007ffdfbfd0000 - 0x00007ffdfbff1000 	C:\WINDOWS\System32\win32u.dll
0x00007ffdfc710000 - 0x00007ffdfc736000 	C:\WINDOWS\System32\GDI32.dll
0x00007ffde77d0000 - 0x00007ffde7a54000 	C:\WINDOWS\WinSxS\amd64_microsoft.windows.common-controls_6595b64144ccf1df_6.0.18362.900_none_e6beb9d913147d17\COMCTL32.dll
0x00007ffdfbd30000 - 0x00007ffdfbec5000 	C:\WINDOWS\System32\gdi32full.dll
0x00007ffdfd910000 - 0x00007ffdfdc45000 	C:\WINDOWS\System32\combase.dll
0x00007ffdfb3a0000 - 0x00007ffdfb43e000 	C:\WINDOWS\System32\msvcp_win.dll
0x00007ffdfc2b0000 - 0x00007ffdfc330000 	C:\WINDOWS\System32\bcryptPrimitives.dll
0x00007ffdf4240000 - 0x00007ffdf424a000 	C:\WINDOWS\SYSTEM32\VERSION.dll
0x00007ffdfd8e0000 - 0x00007ffdfd90e000 	C:\WINDOWS\System32\IMM32.DLL
0x00007ffda16e0000 - 0x00007ffda178a000 	C:\Program Files\Java\jdk-12.0.2\bin\msvcp140.dll
0x00007ffd862b0000 - 0x00007ffd86e27000 	C:\Program Files\Java\jdk-12.0.2\bin\server\jvm.dll
0x00007ffdfd750000 - 0x00007ffdfd758000 	C:\WINDOWS\System32\PSAPI.DLL
0x00007ffdf9ca0000 - 0x00007ffdf9ca9000 	C:\WINDOWS\SYSTEM32\WSOCK32.dll
0x00007ffdf2920000 - 0x00007ffdf2944000 	C:\WINDOWS\SYSTEM32\WINMM.dll
0x00007ffdfd760000 - 0x00007ffdfd7cf000 	C:\WINDOWS\System32\WS2_32.dll
0x00007ffdf28f0000 - 0x00007ffdf291d000 	C:\WINDOWS\SYSTEM32\WINMMBASE.dll
0x00007ffdfb270000 - 0x00007ffdfb2ba000 	C:\WINDOWS\System32\cfgmgr32.dll
0x00007ffdfb200000 - 0x00007ffdfb211000 	C:\WINDOWS\System32\kernel.appcore.dll
0x00007ffddc310000 - 0x00007ffddc321000 	C:\Program Files\Java\jdk-12.0.2\bin\verify.dll
0x00007ffdf9a80000 - 0x00007ffdf9c74000 	C:\WINDOWS\SYSTEM32\DBGHELP.DLL
0x00007ffdf28c0000 - 0x00007ffdf28ea000 	C:\WINDOWS\SYSTEM32\dbgcore.DLL
0x00007ffdc69c0000 - 0x00007ffdc69e6000 	C:\Program Files\Java\jdk-12.0.2\bin\java.dll
0x00007ffddb9d0000 - 0x00007ffddb9e7000 	C:\Program Files\Java\jdk-12.0.2\bin\zip.dll
0x00007ffdeef40000 - 0x00007ffdeef4a000 	C:\Program Files\Java\jdk-12.0.2\bin\jimage.dll

dbghelp: loaded successfully - version: 4.0.5 - missing functions: none
symbol engine: initialized successfully - sym options: 0x614 - pdb path: .;C:\Program Files\Java\jdk-12.0.2\bin;C:\WINDOWS\SYSTEM32;C:\WINDOWS\WinSxS\amd64_microsoft.windows.common-controls_6595b64144ccf1df_6.0.18362.900_none_e6beb9d913147d17;C:\Program Files\Java\jdk-12.0.2\bin\server

VM Arguments:
jvm_args: -Dfile.encoding=UTF-8 
java_command: SingleSensorBoard.main.App
java_class_path (initial): C:\Users\utente\Documents\MvnProjct\MvnProject\ZefiroGUI\target\classes;C:\Users\utente\.m2\repository\com\MagicMike\measurementBoardCore\measurementBoardCore\1.0\measurementBoardCore-1.0.jar;C:\Users\utente\.m2\repository\org\jfree\jfreechart\1.5.0\jfreechart-1.5.0.jar;C:\Users\utente\.m2\repository\com\fazecast\jSerialComm\2.1.1\jSerialComm-2.1.1.jar;C:\Users\utente\.m2\repository\org\apache\commons\commons-math3\3.6.1\commons-math3-3.6.1.jar
Launcher Type: SUN_STANDARD

[Global flags]
     intx CICompilerCount                          = 3                                         {product} {ergonomic}
     uint ConcGCThreads                            = 1                                         {product} {ergonomic}
     uint G1ConcRefinementThreads                  = 4                                         {product} {ergonomic}
   size_t G1HeapRegionSize                         = 1048576                                   {product} {ergonomic}
    uintx GCDrainStackTargetSize                   = 64                                        {product} {ergonomic}
   size_t InitialHeapSize                          = 132120576                                 {product} {ergonomic}
   size_t MarkStackSize                            = 4194304                                   {product} {ergonomic}
   size_t MaxHeapSize                              = 2113929216                                {product} {ergonomic}
   size_t MinHeapDeltaBytes                        = 1048576                                   {product} {ergonomic}
    uintx NonNMethodCodeHeapSize                   = 5830732                                {pd product} {ergonomic}
    uintx NonProfiledCodeHeapSize                  = 122913754                              {pd product} {ergonomic}
    uintx ProfiledCodeHeapSize                     = 122913754                              {pd product} {ergonomic}
    uintx ReservedCodeCacheSize                    = 251658240                              {pd product} {ergonomic}
     bool SegmentedCodeCache                       = true                                      {product} {ergonomic}
     bool UseCompressedClassPointers               = true                                 {lp64_product} {ergonomic}
     bool UseCompressedOops                        = true                                 {lp64_product} {ergonomic}
     bool UseG1GC                                  = true                                      {product} {ergonomic}
     bool UseLargePagesIndividualAllocation        = false                                  {pd product} {ergonomic}

Logging:
Log output configuration:
 #0: stdout all=warning uptime,level,tags
 #1: stderr all=off uptime,level,tags

Environment Variables:
JAVA_HOME=C:\Program Files\Java\jdk-12.0.2
PATH=C:\Program Files\AdoptOpenJDK\jdk-11.0.4.11-hotspot\bin;C:\Program Files (x86)\Common Files\Oracle\Java\javapath;C:\Program Files (x86)\Intel\iCLS Client\;C:\Program Files\Intel\iCLS Client\;C:\Windows\system32;C:\Windows;C:\Windows\System32\Wbem;C:\Windows\System32\WindowsPowerShell\v1.0\;C:\Program Files (x86)\Intel\Intel(R) Management Engine Components\DAL;C:\Program Files\Intel\Intel(R) Management Engine Components\DAL;C:\Program Files (x86)\Intel\Intel(R) Management Engine Components\IPT;C:\Program Files\Intel\Intel(R) Management Engine Components\IPT;C:\Program Files (x86)\NVIDIA Corporation\PhysX\Common;C:\WINDOWS\system32;C:\WINDOWS;C:\WINDOWS\System32\Wbem;C:\WINDOWS\System32\WindowsPowerShell\v1.0\;C:\WINDOWS\System32\OpenSSH\;C:\Program Files\Intel\WiFi\bin\;C:\Program Files\Common Files\Intel\WirelessCommon\;C:\Program Files\LLVM\bin;C:\Program Files\apache-maven-3.6.2\bin;C:\Program Files\doxygen\bin;C:\Program Files\Git\cmd;C:\Users\utente\AppData\Local\Microsoft\WindowsApps;C:\Users\utente\AppData\Local\Programs\Microsoft VS Code\bin;C:\Users\utente\AppData\Local\Microsoft\WindowsApps
USERNAME=utente
OS=Windows_NT
PROCESSOR_IDENTIFIER=Intel64 Family 6 Model 78 Stepping 3, GenuineIntel



---------------  S Y S T E M  ---------------

OS: Windows 10 , 64 bit Build 18362 (10.0.18362.900)

CPU:total 4 (initial active 4) (2 cores per cpu, 2 threads per core) family 6 model 78 stepping 3, cmov, cx8, fxsr, mmx, sse, sse2, sse3, ssse3, sse4.1, sse4.2, popcnt, avx, avx2, aes, clmul, erms, 3dnowpref, lzcnt, ht, tsc, tscinvbit, bmi1, bmi2, adx, fma

Memory: 4k page, system-wide physical 8056M (473M free)
TotalPageFile size 32632M (AvailPageFile size 130M)
current process WorkingSet (physical memory assigned to process): 9M, peak: 9M
current process commit charge ("private bytes"): 52M, peak: 177M

vm_info: Java HotSpot(TM) 64-Bit Server VM (12.0.2+10) for windows-amd64 JRE (12.0.2+10), built on Jul 16 2019 01:56:17 by "mach5one" with MS VC++ 15.5 (VS2017)

END.
